[debug] [2025-09-10T03:15:50.512Z] ----------------------------------------------------------------------
[debug] [2025-09-10T03:15:50.515Z] Command:       C:\Program Files\nodejs\node.exe C:\Program Files\nodejs\node_modules\firebase-tools\lib\bin\firebase.js init hosting
[debug] [2025-09-10T03:15:50.515Z] CLI Version:   14.15.2
[debug] [2025-09-10T03:15:50.515Z] Platform:      win32
[debug] [2025-09-10T03:15:50.515Z] Node Version:  v22.14.0
[debug] [2025-09-10T03:15:50.515Z] Time:          Wed Sep 10 2025 00:15:50 GMT-0300 (Horário Padrão de Brasília)
[debug] [2025-09-10T03:15:50.515Z] ----------------------------------------------------------------------
[debug] 
[debug] [2025-09-10T03:15:50.521Z] > command requires scopes: ["email","openid","https://www.googleapis.com/auth/cloudplatformprojects.readonly","https://www.googleapis.com/auth/firebase","https://www.googleapis.com/auth/cloud-platform"]
[debug] [2025-09-10T03:15:50.522Z] > authorizing via signed-in user (aimbererm@gmail.com)
[info] 
     ######## #### ########  ######## ########     ###     ######  ########
     ##        ##  ##     ## ##       ##     ##  ##   ##  ##       ##
     ######    ##  ########  ######   ########  #########  ######  ######
     ##        ##  ##    ##  ##       ##     ## ##     ##       ## ##
     ##       #### ##     ## ######## ########  ##     ##  ######  ########

You're about to initialize a Firebase project in this directory:

  C:\Users\ACT\Documents\Bira\projects\lazavii_financials

[info] 
=== Project Setup
[info] 
[info] First, let's associate this project directory with a Firebase project.
[info] You can create multiple project aliases by running firebase use --add, 
[info] but for now we'll just set up a default project.
[info] 
[debug] [2025-09-10T03:16:11.531Z] Checked if tokens are valid: true, expires at: 1757477715962
[debug] [2025-09-10T03:16:11.531Z] Checked if tokens are valid: true, expires at: 1757477715962
[debug] [2025-09-10T03:16:11.533Z] >>> [apiv2][query] GET https://firebase.googleapis.com/v1beta1/projects pageSize=100
[debug] [2025-09-10T03:16:12.300Z] <<< [apiv2][status] GET https://firebase.googleapis.com/v1beta1/projects 200
[debug] [2025-09-10T03:16:12.300Z] <<< [apiv2][body] GET https://firebase.googleapis.com/v1beta1/projects [omitted]
[info] i  Using project lazavii-financials (Lazavii Financials) 
[info] 
=== Hosting Setup
[debug] [2025-09-10T03:16:15.306Z] Checked if tokens are valid: true, expires at: 1757477715962
[debug] [2025-09-10T03:16:15.306Z] Checked if tokens are valid: true, expires at: 1757477715962
[debug] [2025-09-10T03:16:15.306Z] >>> [apiv2][query] GET https://firebase.googleapis.com/v1beta1/projects/lazavii-financials [none]
[debug] [2025-09-10T03:16:15.653Z] <<< [apiv2][status] GET https://firebase.googleapis.com/v1beta1/projects/lazavii-financials 200
[debug] [2025-09-10T03:16:15.653Z] <<< [apiv2][body] GET https://firebase.googleapis.com/v1beta1/projects/lazavii-financials {"projectId":"lazavii-financials","projectNumber":"696801148538","displayName":"Lazavii Financials","name":"projects/lazavii-financials","resources":{"hostingSite":"lazavii-financials"},"state":"ACTIVE","etag":"1_c1c5027e-68cc-46d8-8464-268a436cf5eb"}
[info] 
[info] Your public directory is the folder (relative to your project directory) that
[info] will contain Hosting assets to be uploaded with firebase deploy. If you
[info] have a build process for your assets, use your build's output directory.
[info] 
